#
# There is insufficient memory for the Java Runtime Environment to continue.
# Native memory allocation (malloc) failed to allocate 32744 bytes for ChunkPool::allocate
# Possible reasons:
#   The system is out of physical RAM or swap space
#   In 32 bit mode, the process size limit was hit
# Possible solutions:
#   Reduce memory load on the system
#   Increase physical memory or swap space
#   Check if swap backing store is full
#   Use 64 bit Java on a 64 bit OS
#   Decrease Java heap size (-Xmx/-Xms)
#   Decrease number of Java threads
#   Decrease Java thread stack sizes (-Xss)
#   Set larger code cache with -XX:ReservedCodeCacheSize=
# This output file may be truncated or incomplete.
#
#  Out of Memory Error (allocation.cpp:273), pid=32620, tid=32556
#
# JRE version: Java(TM) SE Runtime Environment (8.0_74-b02) (build 1.8.0_74-b02)
# Java VM: Java HotSpot(TM) 64-Bit Server VM (25.74-b02 mixed mode windows-amd64 compressed oops)
# Failed to write core dump. Minidumps are not enabled by default on client versions of Windows
#

---------------  T H R E A D  ---------------

Current thread (0x000000001744d000):  JavaThread "C2 CompilerThread1" daemon [_thread_in_native, id=32556, stack(0x0000000017d00000,0x0000000017e00000)]

Stack: [0x0000000017d00000,0x0000000017e00000]
[error occurred during error reporting (printing stack bounds), id 0xc0000005]

Native frames: (J=compiled Java code, j=interpreted, Vv=VM code, C=native code)


Current CompileTask:
C2:    561  659       4       java.util.ArrayList::add (29 bytes)


---------------  P R O C E S S  ---------------

Java Threads: ( => current thread )
  0x00000000177d1800 JavaThread "pool-1-thread-4" [_thread_blocked, id=32916, stack(0x0000000018e00000,0x0000000018f00000)]
  0x0000000017748000 JavaThread "pool-1-thread-3" [_thread_in_vm, id=29148, stack(0x0000000018d00000,0x0000000018e00000)]
  0x0000000017745000 JavaThread "pool-1-thread-2" [_thread_blocked, id=33280, stack(0x0000000018c00000,0x0000000018d00000)]
  0x0000000017769800 JavaThread "pool-2-thread-1" [_thread_blocked, id=31404, stack(0x0000000018b00000,0x0000000018c00000)]
  0x0000000017710800 JavaThread "pool-1-thread-1" [_thread_blocked, id=33124, stack(0x0000000018a00000,0x0000000018b00000)]
  0x00000000174da800 JavaThread "Service Thread" daemon [_thread_blocked, id=20116, stack(0x0000000018000000,0x0000000018100000)]
  0x00000000174ba000 JavaThread "C1 CompilerThread3" daemon [_thread_in_native, id=32876, stack(0x0000000017f00000,0x0000000018000000)]
  0x00000000174a6000 JavaThread "C2 CompilerThread2" daemon [_thread_blocked, id=22848, stack(0x0000000017e00000,0x0000000017f00000)]
=>0x000000001744d000 JavaThread "C2 CompilerThread1" daemon [_thread_in_native, id=32556, stack(0x0000000017d00000,0x0000000017e00000)]
  0x0000000017448800 JavaThread "C2 CompilerThread0" daemon [_thread_blocked, id=32944, stack(0x0000000017c00000,0x0000000017d00000)]
  0x0000000017447000 JavaThread "Attach Listener" daemon [_thread_blocked, id=26848, stack(0x0000000017b00000,0x0000000017c00000)]
  0x000000001552e000 JavaThread "Signal Dispatcher" daemon [_thread_blocked, id=30492, stack(0x0000000017a00000,0x0000000017b00000)]
  0x00000000029f8800 JavaThread "Finalizer" daemon [_thread_blocked, id=33000, stack(0x0000000017820000,0x0000000017920000)]
  0x000000001551d800 JavaThread "Reference Handler" daemon [_thread_blocked, id=23192, stack(0x0000000017320000,0x0000000017420000)]
  0x0000000002900800 JavaThread "main" [_thread_blocked, id=32572, stack(0x0000000002800000,0x0000000002900000)]

Other Threads:
  0x0000000015519000 VMThread [stack: 0x0000000017220000,0x0000000017320000] [id=33084]
  0x00000000174dd000 WatcherThread [stack: 0x0000000018100000,0x0000000018200000] [id=22832]

VM state:not at safepoint (normal execution)

VM Mutex/Monitor currently owned by a thread: None

Heap:
 PSYoungGen      total 76288K, used 17058K [0x00000000eab00000, 0x00000000f0000000, 0x0000000100000000)
  eden space 65536K, 26% used [0x00000000eab00000,0x00000000ebba8b78,0x00000000eeb00000)
  from space 10752K, 0% used [0x00000000ef580000,0x00000000ef580000,0x00000000f0000000)
  to   space 10752K, 0% used [0x00000000eeb00000,0x00000000eeb00000,0x00000000ef580000)
 ParOldGen       total 175104K, used 0K [0x00000000c0000000, 0x00000000cab00000, 0x00000000eab00000)
  object space 175104K, 0% used [0x00000000c0000000,0x00000000c0000000,0x00000000cab00000)
 Metaspace       used 5578K, capacity 6512K, committed 6784K, reserved 1056768K
  class space    used 595K, capacity 616K, committed 640K, reserved 1048576K

Card table byte_map: [0x0000000011dc0000,0x0000000011fd0000] byte_map_base: 0x00000000117c0000

Marking Bits: (ParMarkBitMap*) 0x0000000065600600
 Begin Bits: [0x0000000012930000, 0x0000000013930000)
 End Bits:   [0x0000000013930000, 0x0000000014930000)

Polling page: 0x0000000000e90000

CodeCache: size=245760Kb used=2480Kb max_used=2491Kb free=243279Kb
 bounds [0x0000000002a00000, 0x0000000002c80000, 0x0000000011a00000]
 total_blobs=917 nmethods=648 adapters=182
 compilation: enabled

Compilation events (10 events):
Event: 0.557 Thread 0x00000000174ba000  650   !   3       com.android.dx.cf.code.BytecodeArray::parseInstruction (2764 bytes)
Event: 0.558 Thread 0x0000000017448800 nmethod 645 0x0000000002c6f910 code [0x0000000002c6fa60, 0x0000000002c6fcd8]
Event: 0.558 Thread 0x0000000017448800  656       4       com.android.dx.rop.code.InsnList::get (9 bytes)
Event: 0.559 Thread 0x000000001744d000 nmethod 644 0x0000000002c6dd50 code [0x0000000002c6dea0, 0x0000000002c6e218]
Event: 0.559 Thread 0x000000001744d000  659       4       java.util.ArrayList::add (29 bytes)
Event: 0.559 Thread 0x0000000017448800 nmethod 656 0x0000000002c6d9d0 code [0x0000000002c6db20, 0x0000000002c6dc18]
Event: 0.559 Thread 0x0000000017448800  657       4       com.android.dx.util.Bits::clear (21 bytes)
Event: 0.559 Thread 0x0000000017448800 nmethod 657 0x0000000002c6fdd0 code [0x0000000002c6ff00, 0x0000000002c6ff98]
Event: 0.560 Thread 0x00000000174a6000  662       4       com.android.dx.ssa.NormalSsaInsn::accept (25 bytes)
Event: 0.560 Thread 0x0000000017448800  666       4       com.android.dx.ssa.NormalSsaInsn::getOpcode (8 bytes)

GC Heap History (0 events):
No events

Deoptimization events (0 events):
No events

Internal exceptions (2 events):
Event: 0.036 Thread 0x0000000002900800 Exception <a 'java/lang/NoSuchMethodError': Method sun.misc.Unsafe.defineClass(Ljava/lang/String;[BII)Ljava/lang/Class; name or signature does not match> (0x00000000eab07cc0) thrown at [C:\re\workspace\8-2-build-windows-amd64-cygwin\jdk8u74\6087\hotspot\sr…+`#=O¢?
Event: 0.036 Thread 0x0000000002900800 Exception <a 'java/lang/NoSuchMethodError': Method sun.misc.Unsafe.prefetchRead(Ljava/lang/Object;J)V name or signature does not match> (0x00000000eab07fa8) thrown at [C:\re\workspace\8-2-build-windows-amd64-cygwin\jdk8u74\6087\hotspot\src\share\vm\prims\j

Events (10 events):
Event: 0.493 loading class com/android/dx/rop/cst/CstArray$List done
Event: 0.506 loading class com/android/dx/ssa/PhiInsn$Operand
Event: 0.506 loading class com/android/dx/ssa/PhiInsn$Operand done
Event: 0.514 loading class com/android/dx/ssa/back/FirstFitLocalCombiningAllocator$Multiset
Event: 0.514 loading class com/android/dx/ssa/back/FirstFitLocalCombiningAllocator$Multiset done
Event: 0.515 loading class com/android/dx/dex/file/FieldAnnotationStruct
Event: 0.515 loading class com/android/dx/dex/file/FieldAnnotationStruct done
Event: 0.517 loading class com/android/dx/cf/code/BytecodeArray$ConstantParserVisitor
Event: 0.517 loading class com/android/dx/cf/code/BytecodeArray$ConstantParserVisitor done
Event: 0.561 Thread 0x0000000017748000 Uncommon trap: trap_request=0xffffff65 fr.pc=0x0000000002c3c238


Dynamic libraries:
0x00007ff7b5de0000 - 0x00007ff7b5e17000 	C:\Program Files\Java\jdk1.8.0_74\bin\java.exe
0x00007ffa0f7f0000 - 0x00007ffa0f99d000 	C:\Windows\SYSTEM32\ntdll.dll
0x00007ffa0e350000 - 0x00007ffa0e48e000 	C:\Windows\system32\KERNEL32.DLL
0x00007ff9fe0f0000 - 0x00007ff9fe122000 	C:\Program Files (x86)\AVG\Av\avghooka.dll
0x00007ffa0b710000 - 0x00007ffa0b825000 	C:\Windows\system32\KERNELBASE.dll
0x00007ffa0a180000 - 0x00007ffa0a20e000 	C:\Windows\system32\apphelp.dll
0x00007ff9fa590000 - 0x00007ff9fa5e3000 	C:\Windows\AppPatch\AppPatch64\AcGenral.DLL
0x00007ffa0dd30000 - 0x00007ffa0ddda000 	C:\Windows\system32\msvcrt.dll
0x00007ffa0b410000 - 0x00007ffa0b43e000 	C:\Windows\SYSTEM32\SspiCli.dll
0x00007ffa0de60000 - 0x00007ffa0deb4000 	C:\Windows\system32\SHLWAPI.dll
0x00007ffa0dbb0000 - 0x00007ffa0dd27000 	C:\Windows\system32\USER32.dll
0x00007ffa0bb30000 - 0x00007ffa0bcc4000 	C:\Windows\system32\ole32.dll
0x00007ffa0bcd0000 - 0x00007ffa0d1fa000 	C:\Windows\system32\SHELL32.dll
0x00007ffa0ac90000 - 0x00007ffa0acb1000 	C:\Windows\SYSTEM32\USERENV.dll
0x00007ffa0d750000 - 0x00007ffa0d7fa000 	C:\Windows\system32\ADVAPI32.dll
0x00007ffa02a80000 - 0x00007ffa02a9e000 	C:\Windows\SYSTEM32\MPR.dll
0x00007ffa0d3c0000 - 0x00007ffa0d501000 	C:\Windows\system32\RPCRT4.dll
0x00007ffa0d510000 - 0x00007ffa0d569000 	C:\Windows\SYSTEM32\sechost.dll
0x00007ffa0d930000 - 0x00007ffa0db41000 	C:\Windows\SYSTEM32\combase.dll
0x00007ffa0e080000 - 0x00007ffa0e1d0000 	C:\Windows\system32\GDI32.dll
0x00007ffa0b5e0000 - 0x00007ffa0b5f5000 	C:\Windows\SYSTEM32\profapi.dll
0x00007ffa09b30000 - 0x00007ffa09be2000 	C:\Windows\SYSTEM32\SHCORE.dll
0x00007ffa0dec0000 - 0x00007ffa0def6000 	C:\Windows\system32\IMM32.DLL
0x00007ffa0e1e0000 - 0x00007ffa0e332000 	C:\Windows\system32\MSCTF.dll
0x00007ffa092b0000 - 0x00007ffa0952b000 	C:\Windows\WinSxS\amd64_microsoft.windows.common-controls_6595b64144ccf1df_6.0.9600.18006_none_623f33d3ecbe86e8\COMCTL32.dll
0x0000000065680000 - 0x0000000065752000 	C:\Program Files\Java\jdk1.8.0_74\jre\bin\msvcr100.dll
0x0000000064df0000 - 0x0000000065680000 	C:\Program Files\Java\jdk1.8.0_74\jre\bin\server\jvm.dll
0x00007ffa04c70000 - 0x00007ffa04c79000 	C:\Windows\SYSTEM32\WSOCK32.dll
0x00007ffa076b0000 - 0x00007ffa076d2000 	C:\Windows\SYSTEM32\WINMM.dll
0x00007ffa07cc0000 - 0x00007ffa07cca000 	C:\Windows\SYSTEM32\VERSION.dll
0x00007ffa0d3b0000 - 0x00007ffa0d3b7000 	C:\Windows\system32\PSAPI.DLL
0x00007ffa0db50000 - 0x00007ffa0dbaa000 	C:\Windows\system32\WS2_32.dll
0x00007ffa07460000 - 0x00007ffa0748a000 	C:\Windows\SYSTEM32\WINMMBASE.dll
0x00007ffa0e1d0000 - 0x00007ffa0e1d9000 	C:\Windows\system32\NSI.dll
0x00007ffa0b830000 - 0x00007ffa0b87f000 	C:\Windows\SYSTEM32\cfgmgr32.dll
0x00007ffa0a3e0000 - 0x00007ffa0a408000 	C:\Windows\SYSTEM32\DEVOBJ.dll
0x0000000064de0000 - 0x0000000064def000 	C:\Program Files\Java\jdk1.8.0_74\jre\bin\verify.dll
0x0000000064db0000 - 0x0000000064dd9000 	C:\Program Files\Java\jdk1.8.0_74\jre\bin\java.dll
0x0000000064d90000 - 0x0000000064da6000 	C:\Program Files\Java\jdk1.8.0_74\jre\bin\zip.dll

VM Arguments:
jvm_args: -Djava.awt.headless=true -Xmx1024M -Dfile.encoding=windows-1252 -Duser.country=US -Duser.language=en -Duser.variant 
java_command: com.android.dx.command.Main --dex --num-threads=4 --output C:\Users\Ivan\Dropbox\Development\Android\Jokes\app\build\intermediates\pre-dexed\debug\com.android.support-design-23.1.1_a6dcc02480d597f679be0734d99d1514dbe6d203.jar C:\Users\Ivan\Dropbox\Development\Android\Jokes\app\build\intermediates\exploded-aar\com.android.support\design\23.1.1\jars\classes.jar
java_class_path (initial): C:\Users\Ivan\AppData\Local\Android\sdk\build-tools\23.0.2\lib\dx.jar
Launcher Type: SUN_STANDARD

Environment Variables:
JAVA_HOME=C:\Program Files (x86)\Java\jre1.8.0_60
PATH=C:\ProgramData\Oracle\Java\javapath;C:\Program Files (x86)\Intel\iCLS Client\;C:\Program Files\Intel\iCLS Client\;C:\Windows\system32;C:\Windows;C:\Windows\System32\Wbem;C:\Windows\System32\WindowsPowerShell\v1.0\;C:\Program Files\Intel\Intel(R) Management Engine Components\DAL;C:\Program Files\Intel\Intel(R) Management Engine Components\IPT;C:\Program Files (x86)\Intel\Intel(R) Management Engine Components\DAL;C:\Program Files (x86)\Intel\Intel(R) Management Engine Components\IPT;C:\Program Files (x86)\NVIDIA Corporation\PhysX\Common;C:\Program Files (x86)\Skype\Phone\
USERNAME=Ivan
OS=Windows_NT
PROCESSOR_IDENTIFIER=Intel64 Family 6 Model 60 Stepping 3, GenuineIntel



---------------  S Y S T E M  ---------------

OS: Windows 8.1 , 64 bit Build 9600 (6.3.9600.17415)

CPU:total 8 (4 cores per cpu, 2 threads per core) family 6 model 60 stepping 3, cmov, cx8, fxsr, mmx, sse, sse2, sse3, ssse3, sse4.1, sse4.2, popcnt, avx, avx2, aes, clmul, erms, lzcnt, ht, tsc, tscinvbit, bmi1, bmi2

Memory: 4k page, physical 16713304k(6071560k free), swap 19859032k(4028k free)

vm_info: Java HotSpot(TM) 64-Bit Server VM (25.74-b02) for windows-amd64 JRE (1.8.0_74-b02), built on Jan 29 2016 17:42:36 by "java_re" with MS VC++ 10.0 (VS2010)

time: Sat Mar 19 22:54:49 2016
elapsed time: 0 seconds (0d 0h 0m 0s)

