#
# There is insufficient memory for the Java Runtime Environment to continue.
# Native memory allocation (malloc) failed to allocate 32744 bytes for ChunkPool::allocate
# Possible reasons:
#   The system is out of physical RAM or swap space
#   In 32 bit mode, the process size limit was hit
# Possible solutions:
#   Reduce memory load on the system
#   Increase physical memory or swap space
#   Check if swap backing store is full
#   Use 64 bit Java on a 64 bit OS
#   Decrease Java heap size (-Xmx/-Xms)
#   Decrease number of Java threads
#   Decrease Java thread stack sizes (-Xss)
#   Set larger code cache with -XX:ReservedCodeCacheSize=
# This output file may be truncated or incomplete.
#
#  Out of Memory Error (allocation.cpp:273), pid=31228, tid=33296
#
# JRE version: Java(TM) SE Runtime Environment (8.0_74-b02) (build 1.8.0_74-b02)
# Java VM: Java HotSpot(TM) 64-Bit Server VM (25.74-b02 mixed mode windows-amd64 compressed oops)
# Failed to write core dump. Minidumps are not enabled by default on client versions of Windows
#

---------------  T H R E A D  ---------------

Current thread (0x0000000016db6800):  JavaThread "C1 CompilerThread3" daemon [_thread_in_vm, id=33296, stack(0x0000000017810000,0x0000000017910000)]

Stack: [0x0000000017810000,0x0000000017910000]
[error occurred during error reporting (printing stack bounds), id 0xc0000005]

Native frames: (J=compiled Java code, j=interpreted, Vv=VM code, C=native code)


---------------  P R O C E S S  ---------------

Java Threads: ( => current thread )
=>0x0000000016db6800 JavaThread "C1 CompilerThread3" daemon [_thread_in_vm, id=33296, stack(0x0000000017810000,0x0000000017910000)]
  0x0000000016db5000 JavaThread "C2 CompilerThread2" daemon [_thread_blocked, id=27336, stack(0x0000000017710000,0x0000000017810000)]
  0x0000000016d9a800 JavaThread "C2 CompilerThread1" daemon [_thread_blocked, id=33396, stack(0x0000000017610000,0x0000000017710000)]
  0x0000000016d59000 JavaThread "C2 CompilerThread0" daemon [_thread_in_vm, id=19508, stack(0x0000000017510000,0x0000000017610000)]
  0x0000000016d58000 JavaThread "Attach Listener" daemon [_thread_new, id=29780, stack(0x0000000000000000,0x0000000000000000)]
  0x0000000016d55000 JavaThread "Signal Dispatcher" daemon [_thread_blocked, id=33188, stack(0x0000000017310000,0x0000000017410000)]
  0x0000000016d50800 JavaThread "Finalizer" daemon [_thread_blocked, id=31712, stack(0x0000000017130000,0x0000000017230000)]
  0x0000000002304000 JavaThread "Reference Handler" daemon [_thread_blocked, id=29628, stack(0x0000000016c30000,0x0000000016d30000)]
  0x0000000002210800 JavaThread "main" [_thread_in_vm, id=28868, stack(0x0000000002110000,0x0000000002210000)]

Other Threads:
  0x0000000014e29000 VMThread [stack: 0x0000000016b30000,0x0000000016c30000] [id=33736]

VM state:not at safepoint (normal execution)

VM Mutex/Monitor currently owned by a thread: None

Heap:
 PSYoungGen      total 76288K, used 1310K [0x00000000eab00000, 0x00000000f0000000, 0x0000000100000000)
  eden space 65536K, 2% used [0x00000000eab00000,0x00000000eac47af0,0x00000000eeb00000)
  from space 10752K, 0% used [0x00000000ef580000,0x00000000ef580000,0x00000000f0000000)
  to   space 10752K, 0% used [0x00000000eeb00000,0x00000000eeb00000,0x00000000ef580000)
 ParOldGen       total 175104K, used 0K [0x00000000c0000000, 0x00000000cab00000, 0x00000000eab00000)
  object space 175104K, 0% used [0x00000000c0000000,0x00000000c0000000,0x00000000cab00000)
 Metaspace       used 2145K, capacity 4480K, committed 4480K, reserved 1056768K
  class space    used 235K, capacity 384K, committed 384K, reserved 1048576K

Card table byte_map: [0x00000000116d0000,0x00000000118e0000] byte_map_base: 0x00000000110d0000

Marking Bits: (ParMarkBitMap*) 0x0000000065600600
 Begin Bits: [0x0000000012240000, 0x0000000013240000)
 End Bits:   [0x0000000013240000, 0x0000000014240000)

Polling page: 0x00000000008b0000

CodeCache: size=245760Kb used=1034Kb max_used=1045Kb free=244725Kb
 bounds [0x0000000002310000, 0x0000000002580000, 0x0000000011310000]
 total_blobs=183 nmethods=0 adapters=135
 compilation: enabled

Compilation events (0 events):
No events

GC Heap History (0 events):
No events

Deoptimization events (0 events):
No events

Internal exceptions (2 events):
Event: 0.028 Thread 0x0000000002210800 Exception <a 'java/lang/NoSuchMethodError': Method sun.misc.Unsafe.defineClass(Ljava/lang/String;[BII)Ljava/lang/Class; name or signature does not match> (0x00000000eab07cc0) thrown at [C:\re\workspace\8-2-build-windows-amd64-cygwin\jdk8u74\6087\hotspot\srÿqâœÊIœ?
Event: 0.028 Thread 0x0000000002210800 Exception <a 'java/lang/NoSuchMethodError': Method sun.misc.Unsafe.prefetchRead(Ljava/lang/Object;J)V name or signature does not match> (0x00000000eab07fa8) thrown at [C:\re\workspace\8-2-build-windows-amd64-cygwin\jdk8u74\6087\hotspot\src\share\vm\prims\j

Events (10 events):
Event: 0.055 loading class sun/misc/Launcher$AppClassLoader$1 done
Event: 0.056 loading class java/lang/SystemClassLoaderAction
Event: 0.056 loading class java/lang/SystemClassLoaderAction done
Event: 0.056 Thread 0x0000000016d55000 Thread added: 0x0000000016d55000
Event: 0.056 Thread 0x0000000016d58000 Thread added: 0x0000000016d58000
Event: 0.056 Thread 0x0000000016d59000 Thread added: 0x0000000016d59000
Event: 0.056 Thread 0x0000000016d9a800 Thread added: 0x0000000016d9a800
Event: 0.057 Thread 0x0000000016db5000 Thread added: 0x0000000016db5000
Event: 0.057 Thread 0x0000000016db6800 Thread added: 0x0000000016db6800
Event: 0.057 loading class java/lang/invoke/MethodHandleImpl


Dynamic libraries:
0x00007ff7b5de0000 - 0x00007ff7b5e17000 	C:\Program Files\Java\jdk1.8.0_74\bin\java.exe
0x00007ffa0f7f0000 - 0x00007ffa0f99d000 	C:\Windows\SYSTEM32\ntdll.dll
0x00007ffa0e350000 - 0x00007ffa0e48e000 	C:\Windows\system32\KERNEL32.DLL
0x00007ff9fe0f0000 - 0x00007ff9fe122000 	C:\Program Files (x86)\AVG\Av\avghooka.dll
0x00007ffa0b710000 - 0x00007ffa0b825000 	C:\Windows\system32\KERNELBASE.dll
0x00007ffa0a180000 - 0x00007ffa0a20e000 	C:\Windows\system32\apphelp.dll
0x00007ff9fa590000 - 0x00007ff9fa5e3000 	C:\Windows\AppPatch\AppPatch64\AcGenral.DLL
0x00007ffa0dd30000 - 0x00007ffa0ddda000 	C:\Windows\system32\msvcrt.dll
0x00007ffa0b410000 - 0x00007ffa0b43e000 	C:\Windows\SYSTEM32\SspiCli.dll
0x00007ffa0de60000 - 0x00007ffa0deb4000 	C:\Windows\system32\SHLWAPI.dll
0x00007ffa0dbb0000 - 0x00007ffa0dd27000 	C:\Windows\system32\USER32.dll
0x00007ffa0bb30000 - 0x00007ffa0bcc4000 	C:\Windows\system32\ole32.dll
0x00007ffa0bcd0000 - 0x00007ffa0d1fa000 	C:\Windows\system32\SHELL32.dll
0x00007ffa0ac90000 - 0x00007ffa0acb1000 	C:\Windows\SYSTEM32\USERENV.dll
0x00007ffa0d750000 - 0x00007ffa0d7fa000 	C:\Windows\system32\ADVAPI32.dll
0x00007ffa02a80000 - 0x00007ffa02a9e000 	C:\Windows\SYSTEM32\MPR.dll
0x00007ffa0d3c0000 - 0x00007ffa0d501000 	C:\Windows\system32\RPCRT4.dll
0x00007ffa0d510000 - 0x00007ffa0d569000 	C:\Windows\SYSTEM32\sechost.dll
0x00007ffa0d930000 - 0x00007ffa0db41000 	C:\Windows\SYSTEM32\combase.dll
0x00007ffa0e080000 - 0x00007ffa0e1d0000 	C:\Windows\system32\GDI32.dll
0x00007ffa0b5e0000 - 0x00007ffa0b5f5000 	C:\Windows\SYSTEM32\profapi.dll
0x00007ffa09b30000 - 0x00007ffa09be2000 	C:\Windows\SYSTEM32\SHCORE.dll
0x00007ffa0dec0000 - 0x00007ffa0def6000 	C:\Windows\system32\IMM32.DLL
0x00007ffa0e1e0000 - 0x00007ffa0e332000 	C:\Windows\system32\MSCTF.dll
0x00007ffa092b0000 - 0x00007ffa0952b000 	C:\Windows\WinSxS\amd64_microsoft.windows.common-controls_6595b64144ccf1df_6.0.9600.18006_none_623f33d3ecbe86e8\COMCTL32.dll
0x0000000065680000 - 0x0000000065752000 	C:\Program Files\Java\jdk1.8.0_74\jre\bin\msvcr100.dll
0x0000000064df0000 - 0x0000000065680000 	C:\Program Files\Java\jdk1.8.0_74\jre\bin\server\jvm.dll
0x00007ffa04c70000 - 0x00007ffa04c79000 	C:\Windows\SYSTEM32\WSOCK32.dll
0x00007ffa076b0000 - 0x00007ffa076d2000 	C:\Windows\SYSTEM32\WINMM.dll
0x00007ffa07cc0000 - 0x00007ffa07cca000 	C:\Windows\SYSTEM32\VERSION.dll
0x00007ffa0d3b0000 - 0x00007ffa0d3b7000 	C:\Windows\system32\PSAPI.DLL
0x00007ffa0db50000 - 0x00007ffa0dbaa000 	C:\Windows\system32\WS2_32.dll
0x00007ffa07460000 - 0x00007ffa0748a000 	C:\Windows\SYSTEM32\WINMMBASE.dll
0x00007ffa0e1d0000 - 0x00007ffa0e1d9000 	C:\Windows\system32\NSI.dll
0x00007ffa0b830000 - 0x00007ffa0b87f000 	C:\Windows\SYSTEM32\cfgmgr32.dll
0x00007ffa0a3e0000 - 0x00007ffa0a408000 	C:\Windows\SYSTEM32\DEVOBJ.dll
0x0000000064de0000 - 0x0000000064def000 	C:\Program Files\Java\jdk1.8.0_74\jre\bin\verify.dll
0x0000000064db0000 - 0x0000000064dd9000 	C:\Program Files\Java\jdk1.8.0_74\jre\bin\java.dll
0x0000000064d90000 - 0x0000000064da6000 	C:\Program Files\Java\jdk1.8.0_74\jre\bin\zip.dll

VM Arguments:
jvm_args: -Djava.awt.headless=true -Xmx1024M -Dfile.encoding=windows-1252 -Duser.country=US -Duser.language=en -Duser.variant 
java_command: com.android.dx.command.Main --dex --num-threads=4 --output C:\Users\Ivan\Dropbox\Development\Android\Jokes\app\build\intermediates\pre-dexed\debug\com.android.support-recyclerview-v7-23.1.1_29f99e94ed91e195e7932d745bf5233718cc91ef.jar C:\Users\Ivan\Dropbox\Development\Android\Jokes\app\build\intermediates\exploded-aar\com.android.support\recyclerview-v7\23.1.1\jars\classes.jar
java_class_path (initial): C:\Users\Ivan\AppData\Local\Android\sdk\build-tools\23.0.2\lib\dx.jar
Launcher Type: SUN_STANDARD

Environment Variables:
JAVA_HOME=C:\Program Files (x86)\Java\jre1.8.0_60
PATH=C:\ProgramData\Oracle\Java\javapath;C:\Program Files (x86)\Intel\iCLS Client\;C:\Program Files\Intel\iCLS Client\;C:\Windows\system32;C:\Windows;C:\Windows\System32\Wbem;C:\Windows\System32\WindowsPowerShell\v1.0\;C:\Program Files\Intel\Intel(R) Management Engine Components\DAL;C:\Program Files\Intel\Intel(R) Management Engine Components\IPT;C:\Program Files (x86)\Intel\Intel(R) Management Engine Components\DAL;C:\Program Files (x86)\Intel\Intel(R) Management Engine Components\IPT;C:\Program Files (x86)\NVIDIA Corporation\PhysX\Common;C:\Program Files (x86)\Skype\Phone\
USERNAME=Ivan
OS=Windows_NT
PROCESSOR_IDENTIFIER=Intel64 Family 6 Model 60 Stepping 3, GenuineIntel



---------------  S Y S T E M  ---------------

OS:Failed to allocate version_info

CPU:total 8 (4 cores per cpu, 2 threads per core) family 6 model 60 stepping 3, cmov, cx8, fxsr, mmx, sse, sse2, sse3, ssse3, sse4.1, sse4.2, popcnt, avx, avx2, aes, clmul, erms, lzcnt, ht, tsc, tscinvbit, bmi1, bmi2

Memory: 4k page, physical 16713304k(6197572k free), swap 19859032k(5068k free)

vm_info: Java HotSpot(TM) 64-Bit Server VM (25.74-b02) for windows-amd64 JRE (1.8.0_74-b02), built on Jan 29 2016 17:42:36 by "java_re" with MS VC++ 10.0 (VS2010)

time: Sat Mar 19 23:01:43 2016
elapsed time: 0 seconds (0d 0h 0m 0s)

